<?xml version="1.0" encoding="UTF-8"?>
<!-- Generated by org.testng.reporters.JUnitReportReporter -->
<testsuite hostname="DESKTOP-JL3SFV8" failures="0" tests="2" name="pac2.OrgTest" time="0.017" errors="0" timestamp="2024-06-28T15:45:39 IST" skipped="0">
  <testcase classname="pac2.OrgTest" name="modifyOrgTest" time="0.004"/>
  <testcase classname="pac2.OrgTest" name="createOrgTest" time="0.013"/>
</testsuite> <!-- pac2.OrgTest -->
