<?xml version="1.0" encoding="UTF-8"?>
<!-- Generated by org.testng.reporters.JUnitReportReporter -->
<testsuite hostname="DESKTOP-JL3SFV8" failures="0" tests="2" name="pac1.ContactTest" time="0.005" errors="0" timestamp="2024-06-28T14:46:32 IST" skipped="0">
  <testcase classname="pac1.ContactTest" name="modifyContactTest" time="0.001"/>
  <testcase classname="pac1.ContactTest" name="createContactTest" time="0.004"/>
</testsuite> <!-- pac1.ContactTest -->
