<?xml version="1.0" encoding="UTF-8"?>
<!-- Generated by org.testng.reporters.JUnitReportReporter -->
<testsuite hostname="DESKTOP-JL3SFV8" failures="0" tests="2" name="pac1.OrgTest" time="0.002" errors="0" timestamp="2024-06-27T09:55:42 IST" skipped="0">
  <testcase classname="pac1.OrgTest" name="createOrgTest" time="0.001"/>
  <testcase classname="pac1.OrgTest" name="modifyOrgTest" time="0.001"/>
</testsuite> <!-- pac1.OrgTest -->
